<?xml version="1.0" encoding="UTF-8"?>
<!-- Generated by org.testng.reporters.JUnitReportReporter -->
<testsuite hostname="LAPTOP-5F0AKJ4H" failures="0" tests="12" name="lambdatest.LambdaTest" time="382.462" errors="0" timestamp="29 Jul 2022 06:12:14 GMT" skipped="0">
  <testcase classname="lambdatest.LambdaTest" name="testScenarioOne" time="53.768"/>
  <testcase classname="lambdatest.LambdaTest" name="testScenarioOne" time="38.524"/>
  <testcase classname="lambdatest.LambdaTest" name="testScenarioOne" time="20.118"/>
  <testcase classname="lambdatest.LambdaTest" name="testScenarioOne" time="17.434"/>
  <testcase classname="lambdatest.LambdaTest" name="testScenarioTwo" time="14.738"/>
  <testcase classname="lambdatest.LambdaTest" name="testScenarioTwo" time="20.064"/>
  <testcase classname="lambdatest.LambdaTest" name="testScenarioTwo" time="41.466"/>
  <testcase classname="lambdatest.LambdaTest" name="testScenarioTwo" time="41.094"/>
  <testcase classname="lambdatest.LambdaTest" name="testScenarioThree" time="57.917"/>
  <testcase classname="lambdatest.LambdaTest" name="testScenarioThree" time="21.626"/>
  <testcase classname="lambdatest.LambdaTest" name="testScenarioThree" time="19.446"/>
  <testcase classname="lambdatest.LambdaTest" name="testScenarioThree" time="36.267"/>
</testsuite> <!-- lambdatest.LambdaTest -->
