<?xml version="1.0" encoding="UTF-8"?>
<!-- Generated by org.testng.reporters.JUnitReportReporter -->
<testsuite hostname="sakshinarkh-testngcerti-91c8ta24pwv" failures="0" tests="12" name="lambdatest.LambdaTest" time="383.607" errors="0" timestamp="29 Jul 2022 18:38:10 GMT" skipped="0">
  <testcase classname="lambdatest.LambdaTest" name="testScenarioOne" time="37.559"/>
  <testcase classname="lambdatest.LambdaTest" name="testScenarioOne" time="12.863"/>
  <testcase classname="lambdatest.LambdaTest" name="testScenarioOne" time="34.329"/>
  <testcase classname="lambdatest.LambdaTest" name="testScenarioOne" time="15.300"/>
  <testcase classname="lambdatest.LambdaTest" name="testScenarioTwo" time="23.201"/>
  <testcase classname="lambdatest.LambdaTest" name="testScenarioTwo" time="22.171"/>
  <testcase classname="lambdatest.LambdaTest" name="testScenarioTwo" time="17.582"/>
  <testcase classname="lambdatest.LambdaTest" name="testScenarioTwo" time="20.116"/>
  <testcase classname="lambdatest.LambdaTest" name="testScenarioThree" time="18.478"/>
  <testcase classname="lambdatest.LambdaTest" name="testScenarioThree" time="77.279"/>
  <testcase classname="lambdatest.LambdaTest" name="testScenarioThree" time="19.558"/>
  <testcase classname="lambdatest.LambdaTest" name="testScenarioThree" time="85.171"/>
</testsuite> <!-- lambdatest.LambdaTest -->
